[django.server:INFO:2019-04-01 16:40:16,417][Thread-2:16776][task_id:django.server][basehttp.py:154][INFO]["GET / HTTP/1.1" 200 16350]
[django.server:INFO:2019-04-01 16:40:16,462][Thread-2:16776][task_id:django.server][basehttp.py:154][INFO]["GET /static/js/jquery-1.12.3.min.js HTTP/1.1" 304 0]
[django.server:INFO:2019-04-01 16:40:16,467][Thread-3:21832][task_id:django.server][basehttp.py:154][INFO]["GET /static/js/jquery.slides.min.js HTTP/1.1" 304 0]
[django.server:INFO:2019-04-01 16:40:16,474][Thread-4:21768][task_id:django.server][basehttp.py:154][INFO]["GET /static/images/logo.jpg HTTP/1.1" 304 0]
[django.server:INFO:2019-04-01 16:40:16,486][Thread-4:21768][task_id:django.server][basehttp.py:154][INFO]["GET /static/img/%E7%BA%A2%E8%8C%B6.jpg HTTP/1.1" 304 0]
[django.server:INFO:2019-04-01 16:40:16,511][Thread-4:21768][task_id:django.server][basehttp.py:154][INFO]["GET /static/img/1-1601201113061V.jpg HTTP/1.1" 304 0]
[django.server:INFO:2019-04-01 16:40:16,518][Thread-4:21768][task_id:django.server][basehttp.py:154][INFO]["GET /static/img/1-1610131102350-L.jpg HTTP/1.1" 304 0]
[django.server:INFO:2019-04-01 16:40:16,526][Thread-4:21768][task_id:django.server][basehttp.py:154][INFO]["GET /static/img/1-160120103035N1.jpg HTTP/1.1" 304 0]
[django.server:INFO:2019-04-01 16:40:16,533][Thread-4:21768][task_id:django.server][basehttp.py:154][INFO]["GET /static/img/1-160120151Q34D.jpg HTTP/1.1" 304 0]
[django.server:INFO:2019-04-01 16:40:16,541][Thread-4:21768][task_id:django.server][basehttp.py:154][INFO]["GET /static/img/1-1610131101230-L.jpg HTTP/1.1" 304 0]
[django.server:INFO:2019-04-01 16:40:16,593][Thread-4:21768][task_id:django.server][basehttp.py:154][INFO]["GET /static/img/1-161013105J20-L_Yb1i1Hs.jpg HTTP/1.1" 304 0]
[django.server:INFO:2019-04-01 16:40:16,594][Thread-3:21832][task_id:django.server][basehttp.py:154][INFO]["GET /static/img/1-16012015004H27.jpg HTTP/1.1" 304 0]
[django.server:INFO:2019-04-01 16:40:16,596][Thread-2:16776][task_id:django.server][basehttp.py:154][INFO]["GET /static/images/logo-bottom.png HTTP/1.1" 304 0]
[django.server:INFO:2019-04-01 16:40:16,609][Thread-3:21832][task_id:django.server][basehttp.py:154][INFO]["GET /static/images/%E5%AE%98%E7%BD%91%E6%91%87%E6%91%87%E5%A5%B6%E6%98%94.jpg HTTP/1.1" 304 0]
[django.server:INFO:2019-04-01 16:40:16,609][Thread-4:21768][task_id:django.server][basehttp.py:154][INFO]["GET /static/images/%E5%AE%98%E7%BD%91%E8%BD%AE%E6%92%AD%E5%9B%BE1.jpg HTTP/1.1" 304 0]
[django.server:INFO:2019-04-01 16:40:16,610][Thread-2:16776][task_id:django.server][basehttp.py:154][INFO]["GET /static/images/%E6%94%B9-%E4%B8%89%E5%A4%A7%E4%BA%A7%E4%B8%9A%E9%93%BE.jpg HTTP/1.1" 304 0]
[django.server:INFO:2019-04-01 16:40:16,623][Thread-2:16776][task_id:django.server][basehttp.py:154][INFO]["GET /static/images/menu-home.png HTTP/1.1" 304 0]
[django.server:INFO:2019-04-01 16:40:16,650][Thread-5:10252][task_id:django.server][basehttp.py:154][INFO]["GET /static/images/menu-story.png HTTP/1.1" 304 0]
[django.server:INFO:2019-04-01 16:40:16,669][Thread-6:10608][task_id:django.server][basehttp.py:154][INFO]["GET /static/images/menu-promotion.png HTTP/1.1" 304 0]
[django.server:INFO:2019-04-01 16:40:16,669][Thread-7:104][task_id:django.server][basehttp.py:154][INFO]["GET /static/images/menu-drink.png HTTP/1.1" 304 0]
[django.server:INFO:2019-04-01 16:40:20,212][Thread-7:104][task_id:django.server][basehttp.py:154][INFO]["GET /login/ HTTP/1.1" 200 2613]
[django.server:INFO:2019-04-01 16:40:20,264][Thread-7:104][task_id:django.server][basehttp.py:154][INFO]["GET /static/js/jquery-3.3.1.min.js HTTP/1.1" 304 0]
[django.server:INFO:2019-04-01 16:40:20,265][Thread-6:10608][task_id:django.server][basehttp.py:154][INFO]["GET /static/css/login.css HTTP/1.1" 304 0]
[django.server:INFO:2019-04-01 16:40:21,479][Thread-7:104][task_id:django.server][basehttp.py:154][INFO]["GET /static/images/password-input.png HTTP/1.1" 304 0]
[django.server:INFO:2019-04-01 16:40:21,480][Thread-6:10608][task_id:django.server][basehttp.py:154][INFO]["GET /static/images/username-input.png HTTP/1.1" 304 0]
[django.server:INFO:2019-04-01 16:40:21,501][Thread-7:104][task_id:django.server][basehttp.py:154][INFO]["GET /static/images/loginLogo.jpg HTTP/1.1" 304 0]
[django.server:INFO:2019-04-01 16:40:23,589][Thread-7:104][task_id:django.server][basehttp.py:154][INFO]["POST /employee/ HTTP/1.1" 200 36]
[django.server:INFO:2019-04-01 16:40:25,555][Thread-7:104][task_id:django.server][basehttp.py:154][INFO]["GET /employee/ HTTP/1.1" 200 54344]
[django.server:INFO:2019-04-01 16:40:25,572][Thread-7:104][task_id:django.server][basehttp.py:154][INFO]["GET /static/js/highcharts.js HTTP/1.1" 304 0]
[django.server:INFO:2019-04-01 16:40:25,638][Thread-7:104][task_id:django.server][basehttp.py:154][INFO]["GET /employee/?id=1 HTTP/1.1" 200 6208]
[django.server:INFO:2019-04-01 16:40:27,675][Thread-7:104][task_id:django.server][basehttp.py:154][INFO]["GET /reportforms/?state=200 HTTP/1.1" 200 35]
[django.server:INFO:2019-04-01 16:40:29,665][Thread-7:104][task_id:django.server][basehttp.py:154][INFO]["GET /reportforms/?state=200 HTTP/1.1" 200 35]
[django.server:INFO:2019-04-01 16:40:31,683][Thread-7:104][task_id:django.server][basehttp.py:154][INFO]["GET /reportforms/?state=200 HTTP/1.1" 200 35]
[django.server:INFO:2019-04-01 16:40:33,659][Thread-7:104][task_id:django.server][basehttp.py:154][INFO]["GET /reportforms/?state=200 HTTP/1.1" 200 35]
[django.server:INFO:2019-04-01 16:40:35,657][Thread-7:104][task_id:django.server][basehttp.py:154][INFO]["GET /reportforms/?state=200 HTTP/1.1" 200 35]
[django.server:INFO:2019-04-01 16:40:37,667][Thread-7:104][task_id:django.server][basehttp.py:154][INFO]["GET /reportforms/?state=200 HTTP/1.1" 200 35]
[django.server:INFO:2019-04-01 16:40:39,658][Thread-7:104][task_id:django.server][basehttp.py:154][INFO]["GET /reportforms/?state=200 HTTP/1.1" 200 35]
[django.server:INFO:2019-04-01 16:40:41,663][Thread-7:104][task_id:django.server][basehttp.py:154][INFO]["GET /reportforms/?state=200 HTTP/1.1" 200 35]
[django.server:INFO:2019-04-01 16:40:43,658][Thread-7:104][task_id:django.server][basehttp.py:154][INFO]["GET /reportforms/?state=200 HTTP/1.1" 200 35]
[django.server:INFO:2019-04-01 16:40:45,657][Thread-7:104][task_id:django.server][basehttp.py:154][INFO]["GET /reportforms/?state=200 HTTP/1.1" 200 35]
[django.server:INFO:2019-04-01 16:40:47,676][Thread-7:104][task_id:django.server][basehttp.py:154][INFO]["GET /reportforms/?state=200 HTTP/1.1" 200 35]
[django.server:INFO:2019-04-01 16:40:49,674][Thread-7:104][task_id:django.server][basehttp.py:154][INFO]["GET /reportforms/?state=200 HTTP/1.1" 200 35]
[django.server:INFO:2019-04-01 16:40:51,657][Thread-7:104][task_id:django.server][basehttp.py:154][INFO]["GET /reportforms/?state=200 HTTP/1.1" 200 35]
[django.server:INFO:2019-04-01 16:40:53,652][Thread-7:104][task_id:django.server][basehttp.py:154][INFO]["GET /reportforms/?state=200 HTTP/1.1" 200 35]
[django.server:INFO:2019-04-01 16:40:55,655][Thread-7:104][task_id:django.server][basehttp.py:154][INFO]["GET /reportforms/?state=200 HTTP/1.1" 200 35]
[django.server:INFO:2019-04-01 16:40:57,678][Thread-7:104][task_id:django.server][basehttp.py:154][INFO]["GET /reportforms/?state=200 HTTP/1.1" 200 35]
[django.server:INFO:2019-04-01 16:40:59,970][Thread-7:104][task_id:django.server][basehttp.py:154][INFO]["GET /reportforms/?state=200 HTTP/1.1" 200 35]
[django.server:INFO:2019-04-01 16:41:01,953][Thread-7:104][task_id:django.server][basehttp.py:154][INFO]["GET /reportforms/?state=200 HTTP/1.1" 200 35]
[django.server:INFO:2019-04-01 16:41:03,957][Thread-7:104][task_id:django.server][basehttp.py:154][INFO]["GET /reportforms/?state=200 HTTP/1.1" 200 35]
[django.server:INFO:2019-04-01 16:41:05,955][Thread-7:104][task_id:django.server][basehttp.py:154][INFO]["GET /reportforms/?state=200 HTTP/1.1" 200 35]
[django.server:INFO:2019-04-01 16:41:07,961][Thread-7:104][task_id:django.server][basehttp.py:154][INFO]["GET /reportforms/?state=200 HTTP/1.1" 200 35]
[django.server:INFO:2019-04-01 16:41:09,959][Thread-7:104][task_id:django.server][basehttp.py:154][INFO]["GET /reportforms/?state=200 HTTP/1.1" 200 35]
[django.server:INFO:2019-04-01 16:41:11,952][Thread-7:104][task_id:django.server][basehttp.py:154][INFO]["GET /reportforms/?state=200 HTTP/1.1" 200 35]
[django.server:INFO:2019-04-01 16:41:13,974][Thread-7:104][task_id:django.server][basehttp.py:154][INFO]["GET /reportforms/?state=200 HTTP/1.1" 200 35]
[django.server:INFO:2019-04-01 16:41:15,954][Thread-7:104][task_id:django.server][basehttp.py:154][INFO]["GET /reportforms/?state=200 HTTP/1.1" 200 35]
[django.server:INFO:2019-04-01 16:41:17,965][Thread-7:104][task_id:django.server][basehttp.py:154][INFO]["GET /reportforms/?state=200 HTTP/1.1" 200 35]
[django.server:INFO:2019-04-01 16:41:19,950][Thread-7:104][task_id:django.server][basehttp.py:154][INFO]["GET /reportforms/?state=200 HTTP/1.1" 200 35]
[django.server:INFO:2019-04-01 16:41:21,954][Thread-7:104][task_id:django.server][basehttp.py:154][INFO]["GET /reportforms/?state=200 HTTP/1.1" 200 35]
[django.server:INFO:2019-04-01 16:41:23,961][Thread-7:104][task_id:django.server][basehttp.py:154][INFO]["GET /reportforms/?state=200 HTTP/1.1" 200 35]
[django.server:INFO:2019-04-01 16:41:25,952][Thread-7:104][task_id:django.server][basehttp.py:154][INFO]["GET /reportforms/?state=200 HTTP/1.1" 200 35]
[django.server:INFO:2019-04-01 16:41:27,958][Thread-7:104][task_id:django.server][basehttp.py:154][INFO]["GET /reportforms/?state=200 HTTP/1.1" 200 35]
[django.server:INFO:2019-04-01 16:41:29,953][Thread-7:104][task_id:django.server][basehttp.py:154][INFO]["GET /reportforms/?state=200 HTTP/1.1" 200 35]
[django.server:INFO:2019-04-01 16:41:31,953][Thread-7:104][task_id:django.server][basehttp.py:154][INFO]["GET /reportforms/?state=200 HTTP/1.1" 200 35]
[django.server:INFO:2019-04-01 16:41:33,960][Thread-7:104][task_id:django.server][basehttp.py:154][INFO]["GET /reportforms/?state=200 HTTP/1.1" 200 35]
[django.server:INFO:2019-04-01 16:41:35,953][Thread-7:104][task_id:django.server][basehttp.py:154][INFO]["GET /reportforms/?state=200 HTTP/1.1" 200 35]
[django.server:INFO:2019-04-01 16:41:37,959][Thread-7:104][task_id:django.server][basehttp.py:154][INFO]["GET /reportforms/?state=200 HTTP/1.1" 200 35]
[django.server:INFO:2019-04-01 16:41:39,955][Thread-7:104][task_id:django.server][basehttp.py:154][INFO]["GET /reportforms/?state=200 HTTP/1.1" 200 35]
[django.server:INFO:2019-04-01 16:41:41,954][Thread-7:104][task_id:django.server][basehttp.py:154][INFO]["GET /reportforms/?state=200 HTTP/1.1" 200 35]
[django.server:INFO:2019-04-01 16:41:43,961][Thread-7:104][task_id:django.server][basehttp.py:154][INFO]["GET /reportforms/?state=200 HTTP/1.1" 200 35]
[django.server:INFO:2019-04-01 16:41:45,955][Thread-7:104][task_id:django.server][basehttp.py:154][INFO]["GET /reportforms/?state=200 HTTP/1.1" 200 35]
[django.server:INFO:2019-04-01 16:41:47,961][Thread-7:104][task_id:django.server][basehttp.py:154][INFO]["GET /reportforms/?state=200 HTTP/1.1" 200 35]
[django.server:INFO:2019-04-01 16:41:49,952][Thread-7:104][task_id:django.server][basehttp.py:154][INFO]["GET /reportforms/?state=200 HTTP/1.1" 200 35]
[django.server:INFO:2019-04-01 16:41:51,954][Thread-7:104][task_id:django.server][basehttp.py:154][INFO]["GET /reportforms/?state=200 HTTP/1.1" 200 35]
[django.server:INFO:2019-04-01 16:41:53,959][Thread-7:104][task_id:django.server][basehttp.py:154][INFO]["GET /reportforms/?state=200 HTTP/1.1" 200 35]
[django.server:INFO:2019-04-01 16:41:55,956][Thread-7:104][task_id:django.server][basehttp.py:154][INFO]["GET /reportforms/?state=200 HTTP/1.1" 200 35]
[django.server:INFO:2019-04-01 16:41:57,959][Thread-7:104][task_id:django.server][basehttp.py:154][INFO]["GET /reportforms/?state=200 HTTP/1.1" 200 35]
[django.server:INFO:2019-04-01 16:41:59,954][Thread-7:104][task_id:django.server][basehttp.py:154][INFO]["GET /reportforms/?state=200 HTTP/1.1" 200 35]
[django.server:INFO:2019-04-01 16:42:01,951][Thread-7:104][task_id:django.server][basehttp.py:154][INFO]["GET /reportforms/?state=200 HTTP/1.1" 200 35]
[django.server:INFO:2019-04-01 16:42:03,957][Thread-7:104][task_id:django.server][basehttp.py:154][INFO]["GET /reportforms/?state=200 HTTP/1.1" 200 35]
[django.server:INFO:2019-04-01 16:42:05,953][Thread-7:104][task_id:django.server][basehttp.py:154][INFO]["GET /reportforms/?state=200 HTTP/1.1" 200 35]
[django.server:INFO:2019-04-01 16:42:07,960][Thread-7:104][task_id:django.server][basehttp.py:154][INFO]["GET /reportforms/?state=200 HTTP/1.1" 200 35]
[django.server:INFO:2019-04-01 16:42:09,955][Thread-7:104][task_id:django.server][basehttp.py:154][INFO]["GET /reportforms/?state=200 HTTP/1.1" 200 35]
[django.server:INFO:2019-04-01 16:42:11,953][Thread-7:104][task_id:django.server][basehttp.py:154][INFO]["GET /reportforms/?state=200 HTTP/1.1" 200 35]
[django.server:INFO:2019-04-01 16:42:13,959][Thread-7:104][task_id:django.server][basehttp.py:154][INFO]["GET /reportforms/?state=200 HTTP/1.1" 200 35]
[django.server:INFO:2019-04-01 16:42:15,948][Thread-7:104][task_id:django.server][basehttp.py:154][INFO]["GET /reportforms/?state=200 HTTP/1.1" 200 35]
[django.server:INFO:2019-04-01 16:42:17,962][Thread-7:104][task_id:django.server][basehttp.py:154][INFO]["GET /reportforms/?state=200 HTTP/1.1" 200 35]
[django.server:INFO:2019-04-01 16:42:19,956][Thread-7:104][task_id:django.server][basehttp.py:154][INFO]["GET /reportforms/?state=200 HTTP/1.1" 200 35]
[django.server:INFO:2019-04-01 16:42:21,964][Thread-7:104][task_id:django.server][basehttp.py:154][INFO]["GET /reportforms/?state=200 HTTP/1.1" 200 35]
[django.server:INFO:2019-04-01 16:42:23,960][Thread-7:104][task_id:django.server][basehttp.py:154][INFO]["GET /reportforms/?state=200 HTTP/1.1" 200 35]
[django.server:INFO:2019-04-01 16:42:25,968][Thread-7:104][task_id:django.server][basehttp.py:154][INFO]["GET /reportforms/?state=200 HTTP/1.1" 200 35]
[django.server:INFO:2019-04-01 16:42:27,959][Thread-7:104][task_id:django.server][basehttp.py:154][INFO]["GET /reportforms/?state=200 HTTP/1.1" 200 35]
[django.server:INFO:2019-04-01 16:42:29,975][Thread-7:104][task_id:django.server][basehttp.py:154][INFO]["GET /reportforms/?state=200 HTTP/1.1" 200 35]
[django.server:INFO:2019-04-01 16:42:31,955][Thread-7:104][task_id:django.server][basehttp.py:154][INFO]["GET /reportforms/?state=200 HTTP/1.1" 200 35]
[django.server:INFO:2019-04-01 16:42:33,953][Thread-7:104][task_id:django.server][basehttp.py:154][INFO]["GET /reportforms/?state=200 HTTP/1.1" 200 35]
[django.server:INFO:2019-04-01 16:42:35,961][Thread-7:104][task_id:django.server][basehttp.py:154][INFO]["GET /reportforms/?state=200 HTTP/1.1" 200 35]
[django.server:INFO:2019-04-01 16:42:37,953][Thread-7:104][task_id:django.server][basehttp.py:154][INFO]["GET /reportforms/?state=200 HTTP/1.1" 200 35]
[django.server:INFO:2019-04-01 16:42:39,955][Thread-7:104][task_id:django.server][basehttp.py:154][INFO]["GET /reportforms/?state=200 HTTP/1.1" 200 35]
[django.server:INFO:2019-04-01 16:42:41,969][Thread-7:104][task_id:django.server][basehttp.py:154][INFO]["GET /reportforms/?state=200 HTTP/1.1" 200 35]
[django.server:INFO:2019-04-01 16:42:43,957][Thread-7:104][task_id:django.server][basehttp.py:154][INFO]["GET /reportforms/?state=200 HTTP/1.1" 200 35]
[django.server:INFO:2019-04-01 16:42:45,961][Thread-7:104][task_id:django.server][basehttp.py:154][INFO]["GET /reportforms/?state=200 HTTP/1.1" 200 35]
[django.server:INFO:2019-04-01 16:42:47,958][Thread-7:104][task_id:django.server][basehttp.py:154][INFO]["GET /reportforms/?state=200 HTTP/1.1" 200 35]
[django.server:INFO:2019-04-01 16:42:49,962][Thread-7:104][task_id:django.server][basehttp.py:154][INFO]["GET /reportforms/?state=200 HTTP/1.1" 200 35]
[django.server:INFO:2019-04-01 16:42:51,965][Thread-7:104][task_id:django.server][basehttp.py:154][INFO]["GET /reportforms/?state=200 HTTP/1.1" 200 35]
[django.server:INFO:2019-04-01 16:42:53,959][Thread-7:104][task_id:django.server][basehttp.py:154][INFO]["GET /reportforms/?state=200 HTTP/1.1" 200 35]
[django.server:INFO:2019-04-01 16:42:55,952][Thread-7:104][task_id:django.server][basehttp.py:154][INFO]["GET /reportforms/?state=200 HTTP/1.1" 200 35]
[django.server:INFO:2019-04-01 16:42:57,961][Thread-7:104][task_id:django.server][basehttp.py:154][INFO]["GET /reportforms/?state=200 HTTP/1.1" 200 35]
[django.server:INFO:2019-04-01 16:42:59,966][Thread-7:104][task_id:django.server][basehttp.py:154][INFO]["GET /reportforms/?state=200 HTTP/1.1" 200 35]
[django.server:INFO:2019-04-01 16:43:02,021][Thread-7:104][task_id:django.server][basehttp.py:154][INFO]["GET /reportforms/?state=200 HTTP/1.1" 200 35]
[django.server:INFO:2019-04-01 16:43:04,037][Thread-7:104][task_id:django.server][basehttp.py:154][INFO]["GET /reportforms/?state=200 HTTP/1.1" 200 35]
[django.server:INFO:2019-04-01 16:43:05,954][Thread-7:104][task_id:django.server][basehttp.py:154][INFO]["GET /reportforms/?state=200 HTTP/1.1" 200 35]
[django.server:INFO:2019-04-01 16:43:07,954][Thread-7:104][task_id:django.server][basehttp.py:154][INFO]["GET /reportforms/?state=200 HTTP/1.1" 200 35]
[django.server:INFO:2019-04-01 16:43:09,960][Thread-7:104][task_id:django.server][basehttp.py:154][INFO]["GET /reportforms/?state=200 HTTP/1.1" 200 35]
[django.server:INFO:2019-04-01 16:43:11,953][Thread-7:104][task_id:django.server][basehttp.py:154][INFO]["GET /reportforms/?state=200 HTTP/1.1" 200 35]
[django.server:INFO:2019-04-01 16:43:13,975][Thread-7:104][task_id:django.server][basehttp.py:154][INFO]["GET /reportforms/?state=200 HTTP/1.1" 200 35]
[django.server:INFO:2019-04-01 16:43:15,959][Thread-7:104][task_id:django.server][basehttp.py:154][INFO]["GET /reportforms/?state=200 HTTP/1.1" 200 35]
[django.server:INFO:2019-04-01 16:43:17,960][Thread-7:104][task_id:django.server][basehttp.py:154][INFO]["GET /reportforms/?state=200 HTTP/1.1" 200 35]
[django.server:INFO:2019-04-01 16:43:19,978][Thread-7:104][task_id:django.server][basehttp.py:154][INFO]["GET /reportforms/?state=200 HTTP/1.1" 200 35]
[django.server:INFO:2019-04-01 16:43:21,967][Thread-7:104][task_id:django.server][basehttp.py:154][INFO]["GET /reportforms/?state=200 HTTP/1.1" 200 35]
[django.server:INFO:2019-04-01 16:43:23,955][Thread-7:104][task_id:django.server][basehttp.py:154][INFO]["GET /reportforms/?state=200 HTTP/1.1" 200 35]
[django.server:INFO:2019-04-01 16:43:25,963][Thread-7:104][task_id:django.server][basehttp.py:154][INFO]["GET /reportforms/?state=200 HTTP/1.1" 200 35]
[django.server:INFO:2019-04-01 16:43:28,001][Thread-7:104][task_id:django.server][basehttp.py:154][INFO]["GET /reportforms/?state=200 HTTP/1.1" 200 35]
[django.server:INFO:2019-04-01 16:43:29,957][Thread-7:104][task_id:django.server][basehttp.py:154][INFO]["GET /reportforms/?state=200 HTTP/1.1" 200 35]
[django.server:INFO:2019-04-01 16:43:31,963][Thread-7:104][task_id:django.server][basehttp.py:154][INFO]["GET /reportforms/?state=200 HTTP/1.1" 200 35]
[django.server:INFO:2019-04-01 16:43:33,954][Thread-7:104][task_id:django.server][basehttp.py:154][INFO]["GET /reportforms/?state=200 HTTP/1.1" 200 35]
[django.server:INFO:2019-04-01 16:43:35,949][Thread-7:104][task_id:django.server][basehttp.py:154][INFO]["GET /reportforms/?state=200 HTTP/1.1" 200 35]
[django.server:INFO:2019-04-01 16:43:37,965][Thread-7:104][task_id:django.server][basehttp.py:154][INFO]["GET /reportforms/?state=200 HTTP/1.1" 200 35]
[django.server:INFO:2019-04-01 16:43:39,982][Thread-7:104][task_id:django.server][basehttp.py:154][INFO]["GET /reportforms/?state=200 HTTP/1.1" 200 35]
[django.server:INFO:2019-04-01 16:43:41,952][Thread-7:104][task_id:django.server][basehttp.py:154][INFO]["GET /reportforms/?state=200 HTTP/1.1" 200 35]
[django.server:INFO:2019-04-01 16:43:43,961][Thread-7:104][task_id:django.server][basehttp.py:154][INFO]["GET /reportforms/?state=200 HTTP/1.1" 200 35]
[django.server:INFO:2019-04-01 16:43:45,954][Thread-7:104][task_id:django.server][basehttp.py:154][INFO]["GET /reportforms/?state=200 HTTP/1.1" 200 35]
[django.server:INFO:2019-04-01 16:43:47,967][Thread-7:104][task_id:django.server][basehttp.py:154][INFO]["GET /reportforms/?state=200 HTTP/1.1" 200 35]
[django.server:INFO:2019-04-01 16:43:49,985][Thread-7:104][task_id:django.server][basehttp.py:154][INFO]["GET /reportforms/?state=200 HTTP/1.1" 200 35]
[django.server:INFO:2019-04-01 16:43:51,960][Thread-7:104][task_id:django.server][basehttp.py:154][INFO]["GET /reportforms/?state=200 HTTP/1.1" 200 35]
[django.server:INFO:2019-04-01 16:43:53,955][Thread-7:104][task_id:django.server][basehttp.py:154][INFO]["GET /reportforms/?state=200 HTTP/1.1" 200 35]
[django.server:INFO:2019-04-01 16:43:55,963][Thread-7:104][task_id:django.server][basehttp.py:154][INFO]["GET /reportforms/?state=200 HTTP/1.1" 200 35]
[django.server:INFO:2019-04-01 16:43:57,958][Thread-7:104][task_id:django.server][basehttp.py:154][INFO]["GET /reportforms/?state=200 HTTP/1.1" 200 35]
[django.server:INFO:2019-04-01 16:43:59,976][Thread-7:104][task_id:django.server][basehttp.py:154][INFO]["GET /reportforms/?state=200 HTTP/1.1" 200 35]
[django.server:INFO:2019-04-01 16:44:01,954][Thread-7:104][task_id:django.server][basehttp.py:154][INFO]["GET /reportforms/?state=200 HTTP/1.1" 200 35]
[django.server:INFO:2019-04-01 16:44:03,962][Thread-7:104][task_id:django.server][basehttp.py:154][INFO]["GET /reportforms/?state=200 HTTP/1.1" 200 35]
[django.server:INFO:2019-04-01 16:44:05,979][Thread-7:104][task_id:django.server][basehttp.py:154][INFO]["GET /reportforms/?state=200 HTTP/1.1" 200 35]
[django.server:INFO:2019-04-01 16:44:07,948][Thread-7:104][task_id:django.server][basehttp.py:154][INFO]["GET /reportforms/?state=200 HTTP/1.1" 200 35]
[django.server:INFO:2019-04-01 16:44:09,950][Thread-7:104][task_id:django.server][basehttp.py:154][INFO]["GET /reportforms/?state=200 HTTP/1.1" 200 35]
[django.server:INFO:2019-04-01 16:44:11,952][Thread-7:104][task_id:django.server][basehttp.py:154][INFO]["GET /reportforms/?state=200 HTTP/1.1" 200 35]
[django.server:INFO:2019-04-01 16:44:13,984][Thread-7:104][task_id:django.server][basehttp.py:154][INFO]["GET /reportforms/?state=200 HTTP/1.1" 200 35]
[django.server:INFO:2019-04-01 16:44:15,965][Thread-7:104][task_id:django.server][basehttp.py:154][INFO]["GET /reportforms/?state=200 HTTP/1.1" 200 35]
[django.server:INFO:2019-04-01 16:44:18,000][Thread-7:104][task_id:django.server][basehttp.py:154][INFO]["GET /reportforms/?state=200 HTTP/1.1" 200 35]
[django.server:INFO:2019-04-01 16:44:19,968][Thread-7:104][task_id:django.server][basehttp.py:154][INFO]["GET /reportforms/?state=200 HTTP/1.1" 200 35]
[django.server:INFO:2019-04-01 16:44:21,964][Thread-7:104][task_id:django.server][basehttp.py:154][INFO]["GET /reportforms/?state=200 HTTP/1.1" 200 35]
[django.server:INFO:2019-04-01 16:44:23,996][Thread-7:104][task_id:django.server][basehttp.py:154][INFO]["GET /reportforms/?state=200 HTTP/1.1" 200 35]
[django.server:INFO:2019-04-01 16:44:25,997][Thread-7:104][task_id:django.server][basehttp.py:154][INFO]["GET /reportforms/?state=200 HTTP/1.1" 200 35]
[django.server:INFO:2019-04-01 16:44:27,982][Thread-7:104][task_id:django.server][basehttp.py:154][INFO]["GET /reportforms/?state=200 HTTP/1.1" 200 35]
[django.server:INFO:2019-04-01 16:44:29,955][Thread-7:104][task_id:django.server][basehttp.py:154][INFO]["GET /reportforms/?state=200 HTTP/1.1" 200 35]
[django.server:INFO:2019-04-01 16:44:32,002][Thread-7:104][task_id:django.server][basehttp.py:154][INFO]["GET /reportforms/?state=200 HTTP/1.1" 200 35]
[django.server:INFO:2019-04-01 16:44:33,969][Thread-7:104][task_id:django.server][basehttp.py:154][INFO]["GET /reportforms/?state=200 HTTP/1.1" 200 35]
[django.server:INFO:2019-04-01 16:44:35,665][Thread-7:104][task_id:django.server][basehttp.py:154][INFO]["GET /reportforms/?state=200 HTTP/1.1" 200 35]
[django.server:INFO:2019-04-01 16:44:37,968][Thread-7:104][task_id:django.server][basehttp.py:154][INFO]["GET /reportforms/?state=200 HTTP/1.1" 200 35]
[django.server:INFO:2019-04-01 16:44:39,970][Thread-7:104][task_id:django.server][basehttp.py:154][INFO]["GET /reportforms/?state=200 HTTP/1.1" 200 35]
[django.server:INFO:2019-04-01 16:44:41,953][Thread-7:104][task_id:django.server][basehttp.py:154][INFO]["GET /reportforms/?state=200 HTTP/1.1" 200 35]
[django.server:INFO:2019-04-01 16:44:43,959][Thread-7:104][task_id:django.server][basehttp.py:154][INFO]["GET /reportforms/?state=200 HTTP/1.1" 200 35]
[django.server:INFO:2019-04-01 16:44:45,956][Thread-7:104][task_id:django.server][basehttp.py:154][INFO]["GET /reportforms/?state=200 HTTP/1.1" 200 35]
[django.server:INFO:2019-04-01 16:44:48,776][Thread-7:104][task_id:django.server][basehttp.py:154][INFO]["GET /reportforms/?state=200 HTTP/1.1" 200 35]
[django.server:INFO:2019-04-01 16:44:49,964][Thread-7:104][task_id:django.server][basehttp.py:154][INFO]["GET /reportforms/?state=200 HTTP/1.1" 200 35]
[django.server:INFO:2019-04-01 16:44:51,950][Thread-7:104][task_id:django.server][basehttp.py:154][INFO]["GET /reportforms/?state=200 HTTP/1.1" 200 35]
[django.server:INFO:2019-04-01 16:44:53,954][Thread-7:104][task_id:django.server][basehttp.py:154][INFO]["GET /reportforms/?state=200 HTTP/1.1" 200 35]
[django.server:INFO:2019-04-01 16:44:55,982][Thread-7:104][task_id:django.server][basehttp.py:154][INFO]["GET /reportforms/?state=200 HTTP/1.1" 200 35]
[django.server:INFO:2019-04-01 16:44:57,980][Thread-7:104][task_id:django.server][basehttp.py:154][INFO]["GET /reportforms/?state=200 HTTP/1.1" 200 35]
[django.server:INFO:2019-04-01 16:44:59,969][Thread-7:104][task_id:django.server][basehttp.py:154][INFO]["GET /reportforms/?state=200 HTTP/1.1" 200 35]
[django.server:INFO:2019-04-01 16:45:01,958][Thread-7:104][task_id:django.server][basehttp.py:154][INFO]["GET /reportforms/?state=200 HTTP/1.1" 200 35]
[django.server:INFO:2019-04-01 16:45:03,960][Thread-7:104][task_id:django.server][basehttp.py:154][INFO]["GET /reportforms/?state=200 HTTP/1.1" 200 35]
[django.server:INFO:2019-04-01 16:45:05,960][Thread-7:104][task_id:django.server][basehttp.py:154][INFO]["GET /reportforms/?state=200 HTTP/1.1" 200 35]
[django.server:INFO:2019-04-01 16:45:07,958][Thread-7:104][task_id:django.server][basehttp.py:154][INFO]["GET /reportforms/?state=200 HTTP/1.1" 200 35]
[django.server:INFO:2019-04-01 16:45:09,972][Thread-7:104][task_id:django.server][basehttp.py:154][INFO]["GET /reportforms/?state=200 HTTP/1.1" 200 35]
